<?xml version="1.0" encoding="UTF-8"?>
<!-- Generated by org.testng.reporters.JUnitReportReporter -->
<testsuite hostname="DESKTOP-0RQF8FK" name="orangehrm.tests.AdminLoginTest" tests="1" failures="0" timestamp="9 Aug 2021 07:15:12 GMT" time="5.917" errors="0">
  <testcase name="checkAdminLogin" time="5.917" classname="orangehrm.tests.AdminLoginTest"/>
</testsuite> <!-- orangehrm.tests.AdminLoginTest -->
